2023-08-11 00:01:11.123  INFO 3168 --- [main] com.dagoras.edu.api.ApiApplication       : Starting ApiApplication using Java 1.8.0_331 on DESKTOP-G28L4LR with PID 3168 (H:\all-back-end\dagoras\tong-hop-kien-thuc\api\target\classes started by longs in H:\all-back-end\dagoras\tong-hop-kien-thuc)
2023-08-11 00:01:11.148  INFO 3168 --- [main] com.dagoras.edu.api.ApiApplication       : The following 1 profile is active: "local"
2023-08-11 00:01:11.843  INFO 3168 --- [main] .s.d.r.c.RepositoryConfigurationDelegate : Bootstrapping Spring Data JPA repositories in DEFAULT mode.
2023-08-11 00:01:11.901  INFO 3168 --- [main] .s.d.r.c.RepositoryConfigurationDelegate : Finished Spring Data repository scanning in 49 ms. Found 2 JPA repository interfaces.
2023-08-11 00:01:12.360  INFO 3168 --- [main] o.s.b.w.embedded.tomcat.TomcatWebServer  : Tomcat initialized with port(s): 6789 (http)
2023-08-11 00:01:12.365  INFO 3168 --- [main] o.apache.catalina.core.StandardService   : Starting service [Tomcat]
2023-08-11 00:01:12.366  INFO 3168 --- [main] org.apache.catalina.core.StandardEngine  : Starting Servlet engine: [Apache Tomcat/9.0.78]
2023-08-11 00:01:12.482  INFO 3168 --- [main] o.a.c.c.C.[Tomcat].[localhost].[/]       : Initializing Spring embedded WebApplicationContext
2023-08-11 00:01:12.482  INFO 3168 --- [main] w.s.c.ServletWebServerApplicationContext : Root WebApplicationContext: initialization completed in 1279 ms
2023-08-11 00:01:12.653  INFO 3168 --- [main] o.hibernate.jpa.internal.util.LogHelper  : HHH000204: Processing PersistenceUnitInfo [name: default]
2023-08-11 00:01:12.695  INFO 3168 --- [main] org.hibernate.Version                    : HHH000412: Hibernate ORM core version 5.6.15.Final
2023-08-11 00:01:12.821  INFO 3168 --- [main] o.hibernate.annotations.common.Version   : HCANN000001: Hibernate Commons Annotations {5.1.2.Final}
2023-08-11 00:01:12.914  INFO 3168 --- [main] com.zaxxer.hikari.HikariDataSource       : HikariPool-1 - Starting...
2023-08-11 00:01:13.011  INFO 3168 --- [main] com.zaxxer.hikari.HikariDataSource       : HikariPool-1 - Start completed.
2023-08-11 00:01:13.022  INFO 3168 --- [main] org.hibernate.dialect.Dialect            : HHH000400: Using dialect: org.hibernate.dialect.MySQL5InnoDBDialect
2023-08-11 00:01:13.570  INFO 3168 --- [main] o.h.e.t.j.p.i.JtaPlatformInitiator       : HHH000490: Using JtaPlatform implementation: [org.hibernate.engine.transaction.jta.platform.internal.NoJtaPlatform]
2023-08-11 00:01:13.593  INFO 3168 --- [main] j.LocalContainerEntityManagerFactoryBean : Initialized JPA EntityManagerFactory for persistence unit 'default'
2023-08-11 00:01:13.816 ERROR 3168 --- [main] o.s.b.web.embedded.tomcat.TomcatStarter  : Error starting Tomcat context. Exception: org.springframework.beans.factory.UnsatisfiedDependencyException. Message: Error creating bean with name 'jwtAuthenticationFilter' defined in file [H:\all-back-end\dagoras\tong-hop-kien-thuc\api\target\classes\com\dagoras\edu\api\jwt\JwtAuthenticationFilter.class]: Unsatisfied dependency expressed through constructor parameter 1; nested exception is org.springframework.beans.factory.BeanCreationException: Error creating bean with name 'userRepository' defined in com.dagoras.edu.api.repository.UserRepository defined in @EnableJpaRepositories declared on JpaRepositoriesRegistrar.EnableJpaRepositoriesConfiguration: Invocation of init method failed; nested exception is org.springframework.data.repository.query.QueryCreationException: Could not create query for public abstract com.dagoras.edu.api.entity.User com.dagoras.edu.api.repository.UserRepository.findByUserName(java.lang.String); Reason: Failed to create query for method public abstract com.dagoras.edu.api.entity.User com.dagoras.edu.api.repository.UserRepository.findByUserName(java.lang.String)! No property 'userName' found for type 'User'; Did you mean 'username'; nested exception is java.lang.IllegalArgumentException: Failed to create query for method public abstract com.dagoras.edu.api.entity.User com.dagoras.edu.api.repository.UserRepository.findByUserName(java.lang.String)! No property 'userName' found for type 'User'; Did you mean 'username'
2023-08-11 00:01:13.833  INFO 3168 --- [main] o.apache.catalina.core.StandardService   : Stopping service [Tomcat]
2023-08-11 00:01:13.836  WARN 3168 --- [main] o.a.c.loader.WebappClassLoaderBase       : The web application [ROOT] appears to have started a thread named [HikariPool-1 housekeeper] but has failed to stop it. This is very likely to create a memory leak. Stack trace of thread:
 sun.misc.Unsafe.park(Native Method)
 java.util.concurrent.locks.LockSupport.parkNanos(LockSupport.java:215)
 java.util.concurrent.locks.AbstractQueuedSynchronizer$ConditionObject.awaitNanos(AbstractQueuedSynchronizer.java:2078)
 java.util.concurrent.ScheduledThreadPoolExecutor$DelayedWorkQueue.take(ScheduledThreadPoolExecutor.java:1093)
 java.util.concurrent.ScheduledThreadPoolExecutor$DelayedWorkQueue.take(ScheduledThreadPoolExecutor.java:809)
 java.util.concurrent.ThreadPoolExecutor.getTask(ThreadPoolExecutor.java:1074)
 java.util.concurrent.ThreadPoolExecutor.runWorker(ThreadPoolExecutor.java:1134)
 java.util.concurrent.ThreadPoolExecutor$Worker.run(ThreadPoolExecutor.java:624)
 java.lang.Thread.run(Thread.java:750)
2023-08-11 00:01:13.836  WARN 3168 --- [main] o.a.c.loader.WebappClassLoaderBase       : The web application [ROOT] appears to have started a thread named [HikariPool-1 connection adder] but has failed to stop it. This is very likely to create a memory leak. Stack trace of thread:
 sun.misc.Unsafe.park(Native Method)
 java.util.concurrent.locks.LockSupport.parkNanos(LockSupport.java:215)
 java.util.concurrent.locks.AbstractQueuedSynchronizer$ConditionObject.awaitNanos(AbstractQueuedSynchronizer.java:2078)
 java.util.concurrent.LinkedBlockingQueue.poll(LinkedBlockingQueue.java:467)
 java.util.concurrent.ThreadPoolExecutor.getTask(ThreadPoolExecutor.java:1073)
 java.util.concurrent.ThreadPoolExecutor.runWorker(ThreadPoolExecutor.java:1134)
 java.util.concurrent.ThreadPoolExecutor$Worker.run(ThreadPoolExecutor.java:624)
 java.lang.Thread.run(Thread.java:750)
2023-08-11 00:01:13.838  WARN 3168 --- [main] ConfigServletWebServerApplicationContext : Exception encountered during context initialization - cancelling refresh attempt: org.springframework.context.ApplicationContextException: Unable to start web server; nested exception is org.springframework.boot.web.server.WebServerException: Unable to start embedded Tomcat
2023-08-11 00:01:13.839  INFO 3168 --- [main] j.LocalContainerEntityManagerFactoryBean : Closing JPA EntityManagerFactory for persistence unit 'default'
2023-08-11 00:01:13.841  INFO 3168 --- [main] com.zaxxer.hikari.HikariDataSource       : HikariPool-1 - Shutdown initiated...
2023-08-11 00:01:13.844  INFO 3168 --- [main] com.zaxxer.hikari.HikariDataSource       : HikariPool-1 - Shutdown completed.
2023-08-11 00:01:13.851  INFO 3168 --- [main] ConditionEvaluationReportLoggingListener : 

Error starting ApplicationContext. To display the conditions report re-run your application with 'debug' enabled.
2023-08-11 00:01:13.873 ERROR 3168 --- [main] o.s.boot.SpringApplication               : Application run failed

org.springframework.context.ApplicationContextException: Unable to start web server; nested exception is org.springframework.boot.web.server.WebServerException: Unable to start embedded Tomcat
	at org.springframework.boot.web.servlet.context.ServletWebServerApplicationContext.onRefresh(ServletWebServerApplicationContext.java:165) ~[spring-boot-2.7.14.jar:2.7.14]
	at org.springframework.context.support.AbstractApplicationContext.refresh(AbstractApplicationContext.java:577) ~[spring-context-5.3.29.jar:5.3.29]
	at org.springframework.boot.web.servlet.context.ServletWebServerApplicationContext.refresh(ServletWebServerApplicationContext.java:147) ~[spring-boot-2.7.14.jar:2.7.14]
	at org.springframework.boot.SpringApplication.refresh(SpringApplication.java:731) [spring-boot-2.7.14.jar:2.7.14]
	at org.springframework.boot.SpringApplication.refreshContext(SpringApplication.java:408) [spring-boot-2.7.14.jar:2.7.14]
	at org.springframework.boot.SpringApplication.run(SpringApplication.java:307) [spring-boot-2.7.14.jar:2.7.14]
	at org.springframework.boot.SpringApplication.run(SpringApplication.java:1303) [spring-boot-2.7.14.jar:2.7.14]
	at org.springframework.boot.SpringApplication.run(SpringApplication.java:1292) [spring-boot-2.7.14.jar:2.7.14]
	at com.dagoras.edu.api.ApiApplication.main(ApiApplication.java:10) [classes/:na]
Caused by: org.springframework.boot.web.server.WebServerException: Unable to start embedded Tomcat
	at org.springframework.boot.web.embedded.tomcat.TomcatWebServer.initialize(TomcatWebServer.java:142) ~[spring-boot-2.7.14.jar:2.7.14]
	at org.springframework.boot.web.embedded.tomcat.TomcatWebServer.<init>(TomcatWebServer.java:104) ~[spring-boot-2.7.14.jar:2.7.14]
	at org.springframework.boot.web.embedded.tomcat.TomcatServletWebServerFactory.getTomcatWebServer(TomcatServletWebServerFactory.java:481) ~[spring-boot-2.7.14.jar:2.7.14]
	at org.springframework.boot.web.embedded.tomcat.TomcatServletWebServerFactory.getWebServer(TomcatServletWebServerFactory.java:211) ~[spring-boot-2.7.14.jar:2.7.14]
	at org.springframework.boot.web.servlet.context.ServletWebServerApplicationContext.createWebServer(ServletWebServerApplicationContext.java:184) ~[spring-boot-2.7.14.jar:2.7.14]
	at org.springframework.boot.web.servlet.context.ServletWebServerApplicationContext.onRefresh(ServletWebServerApplicationContext.java:162) ~[spring-boot-2.7.14.jar:2.7.14]
	... 8 common frames omitted
Caused by: org.springframework.beans.factory.UnsatisfiedDependencyException: Error creating bean with name 'jwtAuthenticationFilter' defined in file [H:\all-back-end\dagoras\tong-hop-kien-thuc\api\target\classes\com\dagoras\edu\api\jwt\JwtAuthenticationFilter.class]: Unsatisfied dependency expressed through constructor parameter 1; nested exception is org.springframework.beans.factory.BeanCreationException: Error creating bean with name 'userRepository' defined in com.dagoras.edu.api.repository.UserRepository defined in @EnableJpaRepositories declared on JpaRepositoriesRegistrar.EnableJpaRepositoriesConfiguration: Invocation of init method failed; nested exception is org.springframework.data.repository.query.QueryCreationException: Could not create query for public abstract com.dagoras.edu.api.entity.User com.dagoras.edu.api.repository.UserRepository.findByUserName(java.lang.String); Reason: Failed to create query for method public abstract com.dagoras.edu.api.entity.User com.dagoras.edu.api.repository.UserRepository.findByUserName(java.lang.String)! No property 'userName' found for type 'User'; Did you mean 'username'; nested exception is java.lang.IllegalArgumentException: Failed to create query for method public abstract com.dagoras.edu.api.entity.User com.dagoras.edu.api.repository.UserRepository.findByUserName(java.lang.String)! No property 'userName' found for type 'User'; Did you mean 'username'
	at org.springframework.beans.factory.support.ConstructorResolver.createArgumentArray(ConstructorResolver.java:800) ~[spring-beans-5.3.29.jar:5.3.29]
	at org.springframework.beans.factory.support.ConstructorResolver.autowireConstructor(ConstructorResolver.java:229) ~[spring-beans-5.3.29.jar:5.3.29]
	at org.springframework.beans.factory.support.AbstractAutowireCapableBeanFactory.autowireConstructor(AbstractAutowireCapableBeanFactory.java:1372) ~[spring-beans-5.3.29.jar:5.3.29]
	at org.springframework.beans.factory.support.AbstractAutowireCapableBeanFactory.createBeanInstance(AbstractAutowireCapableBeanFactory.java:1222) ~[spring-beans-5.3.29.jar:5.3.29]
	at org.springframework.beans.factory.support.AbstractAutowireCapableBeanFactory.doCreateBean(AbstractAutowireCapableBeanFactory.java:582) ~[spring-beans-5.3.29.jar:5.3.29]
	at org.springframework.beans.factory.support.AbstractAutowireCapableBeanFactory.createBean(AbstractAutowireCapableBeanFactory.java:542) ~[spring-beans-5.3.29.jar:5.3.29]
	at org.springframework.beans.factory.support.AbstractBeanFactory.lambda$doGetBean$0(AbstractBeanFactory.java:335) ~[spring-beans-5.3.29.jar:5.3.29]
	at org.springframework.beans.factory.support.DefaultSingletonBeanRegistry.getSingleton(DefaultSingletonBeanRegistry.java:234) ~[spring-beans-5.3.29.jar:5.3.29]
	at org.springframework.beans.factory.support.AbstractBeanFactory.doGetBean(AbstractBeanFactory.java:333) ~[spring-beans-5.3.29.jar:5.3.29]
	at org.springframework.beans.factory.support.AbstractBeanFactory.getBean(AbstractBeanFactory.java:213) ~[spring-beans-5.3.29.jar:5.3.29]
	at org.springframework.boot.web.servlet.ServletContextInitializerBeans.getOrderedBeansOfType(ServletContextInitializerBeans.java:213) ~[spring-boot-2.7.14.jar:2.7.14]
	at org.springframework.boot.web.servlet.ServletContextInitializerBeans.addAsRegistrationBean(ServletContextInitializerBeans.java:176) ~[spring-boot-2.7.14.jar:2.7.14]
	at org.springframework.boot.web.servlet.ServletContextInitializerBeans.addAsRegistrationBean(ServletContextInitializerBeans.java:171) ~[spring-boot-2.7.14.jar:2.7.14]
	at org.springframework.boot.web.servlet.ServletContextInitializerBeans.addAdaptableBeans(ServletContextInitializerBeans.java:156) ~[spring-boot-2.7.14.jar:2.7.14]
	at org.springframework.boot.web.servlet.ServletContextInitializerBeans.<init>(ServletContextInitializerBeans.java:87) ~[spring-boot-2.7.14.jar:2.7.14]
	at org.springframework.boot.web.servlet.context.ServletWebServerApplicationContext.getServletContextInitializerBeans(ServletWebServerApplicationContext.java:262) ~[spring-boot-2.7.14.jar:2.7.14]
	at org.springframework.boot.web.servlet.context.ServletWebServerApplicationContext.selfInitialize(ServletWebServerApplicationContext.java:236) ~[spring-boot-2.7.14.jar:2.7.14]
	at org.springframework.boot.web.embedded.tomcat.TomcatStarter.onStartup(TomcatStarter.java:53) ~[spring-boot-2.7.14.jar:2.7.14]
	at org.apache.catalina.core.StandardContext.startInternal(StandardContext.java:4936) ~[tomcat-embed-core-9.0.78.jar:9.0.78]
	at org.apache.catalina.util.LifecycleBase.start(LifecycleBase.java:183) ~[tomcat-embed-core-9.0.78.jar:9.0.78]
	at org.apache.catalina.core.ContainerBase$StartChild.call(ContainerBase.java:1328) ~[tomcat-embed-core-9.0.78.jar:9.0.78]
	at org.apache.catalina.core.ContainerBase$StartChild.call(ContainerBase.java:1318) ~[tomcat-embed-core-9.0.78.jar:9.0.78]
	at java.util.concurrent.FutureTask.run$$$capture(FutureTask.java:266) ~[na:1.8.0_331]
	at java.util.concurrent.FutureTask.run(FutureTask.java) ~[na:1.8.0_331]
	at org.apache.tomcat.util.threads.InlineExecutorService.execute(InlineExecutorService.java:75) ~[tomcat-embed-core-9.0.78.jar:9.0.78]
	at java.util.concurrent.AbstractExecutorService.submit(AbstractExecutorService.java:134) ~[na:1.8.0_331]
	at org.apache.catalina.core.ContainerBase.startInternal(ContainerBase.java:866) ~[tomcat-embed-core-9.0.78.jar:9.0.78]
	at org.apache.catalina.core.StandardHost.startInternal(StandardHost.java:795) ~[tomcat-embed-core-9.0.78.jar:9.0.78]
	at org.apache.catalina.util.LifecycleBase.start(LifecycleBase.java:183) ~[tomcat-embed-core-9.0.78.jar:9.0.78]
	at org.apache.catalina.core.ContainerBase$StartChild.call(ContainerBase.java:1328) ~[tomcat-embed-core-9.0.78.jar:9.0.78]
	at org.apache.catalina.core.ContainerBase$StartChild.call(ContainerBase.java:1318) ~[tomcat-embed-core-9.0.78.jar:9.0.78]
	at java.util.concurrent.FutureTask.run$$$capture(FutureTask.java:266) ~[na:1.8.0_331]
	at java.util.concurrent.FutureTask.run(FutureTask.java) ~[na:1.8.0_331]
	at org.apache.tomcat.util.threads.InlineExecutorService.execute(InlineExecutorService.java:75) ~[tomcat-embed-core-9.0.78.jar:9.0.78]
	at java.util.concurrent.AbstractExecutorService.submit(AbstractExecutorService.java:134) ~[na:1.8.0_331]
	at org.apache.catalina.core.ContainerBase.startInternal(ContainerBase.java:866) ~[tomcat-embed-core-9.0.78.jar:9.0.78]
	at org.apache.catalina.core.StandardEngine.startInternal(StandardEngine.java:249) ~[tomcat-embed-core-9.0.78.jar:9.0.78]
	at org.apache.catalina.util.LifecycleBase.start(LifecycleBase.java:183) ~[tomcat-embed-core-9.0.78.jar:9.0.78]
	at org.apache.catalina.core.StandardService.startInternal(StandardService.java:428) ~[tomcat-embed-core-9.0.78.jar:9.0.78]
	at org.apache.catalina.util.LifecycleBase.start(LifecycleBase.java:183) ~[tomcat-embed-core-9.0.78.jar:9.0.78]
	at org.apache.catalina.core.StandardServer.startInternal(StandardServer.java:922) ~[tomcat-embed-core-9.0.78.jar:9.0.78]
	at org.apache.catalina.util.LifecycleBase.start(LifecycleBase.java:183) ~[tomcat-embed-core-9.0.78.jar:9.0.78]
	at org.apache.catalina.startup.Tomcat.start(Tomcat.java:486) ~[tomcat-embed-core-9.0.78.jar:9.0.78]
	at org.springframework.boot.web.embedded.tomcat.TomcatWebServer.initialize(TomcatWebServer.java:123) ~[spring-boot-2.7.14.jar:2.7.14]
	... 13 common frames omitted
Caused by: org.springframework.beans.factory.BeanCreationException: Error creating bean with name 'userRepository' defined in com.dagoras.edu.api.repository.UserRepository defined in @EnableJpaRepositories declared on JpaRepositoriesRegistrar.EnableJpaRepositoriesConfiguration: Invocation of init method failed; nested exception is org.springframework.data.repository.query.QueryCreationException: Could not create query for public abstract com.dagoras.edu.api.entity.User com.dagoras.edu.api.repository.UserRepository.findByUserName(java.lang.String); Reason: Failed to create query for method public abstract com.dagoras.edu.api.entity.User com.dagoras.edu.api.repository.UserRepository.findByUserName(java.lang.String)! No property 'userName' found for type 'User'; Did you mean 'username'; nested exception is java.lang.IllegalArgumentException: Failed to create query for method public abstract com.dagoras.edu.api.entity.User com.dagoras.edu.api.repository.UserRepository.findByUserName(java.lang.String)! No property 'userName' found for type 'User'; Did you mean 'username'
	at org.springframework.beans.factory.support.AbstractAutowireCapableBeanFactory.initializeBean(AbstractAutowireCapableBeanFactory.java:1804) ~[spring-beans-5.3.29.jar:5.3.29]
	at org.springframework.beans.factory.support.AbstractAutowireCapableBeanFactory.doCreateBean(AbstractAutowireCapableBeanFactory.java:620) ~[spring-beans-5.3.29.jar:5.3.29]
	at org.springframework.beans.factory.support.AbstractAutowireCapableBeanFactory.createBean(AbstractAutowireCapableBeanFactory.java:542) ~[spring-beans-5.3.29.jar:5.3.29]
	at org.springframework.beans.factory.support.AbstractBeanFactory.lambda$doGetBean$0(AbstractBeanFactory.java:335) ~[spring-beans-5.3.29.jar:5.3.29]
	at org.springframework.beans.factory.support.DefaultSingletonBeanRegistry.getSingleton(DefaultSingletonBeanRegistry.java:234) ~[spring-beans-5.3.29.jar:5.3.29]
	at org.springframework.beans.factory.support.AbstractBeanFactory.doGetBean(AbstractBeanFactory.java:333) ~[spring-beans-5.3.29.jar:5.3.29]
	at org.springframework.beans.factory.support.AbstractBeanFactory.getBean(AbstractBeanFactory.java:208) ~[spring-beans-5.3.29.jar:5.3.29]
	at org.springframework.beans.factory.config.DependencyDescriptor.resolveCandidate(DependencyDescriptor.java:276) ~[spring-beans-5.3.29.jar:5.3.29]
	at org.springframework.beans.factory.support.DefaultListableBeanFactory.doResolveDependency(DefaultListableBeanFactory.java:1391) ~[spring-beans-5.3.29.jar:5.3.29]
	at org.springframework.beans.factory.support.DefaultListableBeanFactory.resolveDependency(DefaultListableBeanFactory.java:1311) ~[spring-beans-5.3.29.jar:5.3.29]
	at org.springframework.beans.factory.support.ConstructorResolver.resolveAutowiredArgument(ConstructorResolver.java:887) ~[spring-beans-5.3.29.jar:5.3.29]
	at org.springframework.beans.factory.support.ConstructorResolver.createArgumentArray(ConstructorResolver.java:791) ~[spring-beans-5.3.29.jar:5.3.29]
	... 56 common frames omitted
Caused by: org.springframework.data.repository.query.QueryCreationException: Could not create query for public abstract com.dagoras.edu.api.entity.User com.dagoras.edu.api.repository.UserRepository.findByUserName(java.lang.String); Reason: Failed to create query for method public abstract com.dagoras.edu.api.entity.User com.dagoras.edu.api.repository.UserRepository.findByUserName(java.lang.String)! No property 'userName' found for type 'User'; Did you mean 'username'; nested exception is java.lang.IllegalArgumentException: Failed to create query for method public abstract com.dagoras.edu.api.entity.User com.dagoras.edu.api.repository.UserRepository.findByUserName(java.lang.String)! No property 'userName' found for type 'User'; Did you mean 'username'
	at org.springframework.data.repository.query.QueryCreationException.create(QueryCreationException.java:101) ~[spring-data-commons-2.7.14.jar:2.7.14]
	at org.springframework.data.repository.core.support.QueryExecutorMethodInterceptor.lookupQuery(QueryExecutorMethodInterceptor.java:107) ~[spring-data-commons-2.7.14.jar:2.7.14]
	at org.springframework.data.repository.core.support.QueryExecutorMethodInterceptor.lambda$mapMethodsToQuery$1(QueryExecutorMethodInterceptor.java:95) ~[spring-data-commons-2.7.14.jar:2.7.14]
	at java.util.stream.ReferencePipeline$3$1.accept(ReferencePipeline.java:193) ~[na:1.8.0_331]
	at java.util.Iterator.forEachRemaining(Iterator.java:116) ~[na:1.8.0_331]
	at java.util.Collections$UnmodifiableCollection$1.forEachRemaining(Collections.java:1051) ~[na:1.8.0_331]
	at java.util.Spliterators$IteratorSpliterator.forEachRemaining(Spliterators.java:1801) ~[na:1.8.0_331]
	at java.util.stream.AbstractPipeline.copyInto(AbstractPipeline.java:482) ~[na:1.8.0_331]
	at java.util.stream.AbstractPipeline.wrapAndCopyInto(AbstractPipeline.java:472) ~[na:1.8.0_331]
	at java.util.stream.ReduceOps$ReduceOp.evaluateSequential(ReduceOps.java:708) ~[na:1.8.0_331]
	at java.util.stream.AbstractPipeline.evaluate(AbstractPipeline.java:234) ~[na:1.8.0_331]
	at java.util.stream.ReferencePipeline.collect(ReferencePipeline.java:499) ~[na:1.8.0_331]
	at org.springframework.data.repository.core.support.QueryExecutorMethodInterceptor.mapMethodsToQuery(QueryExecutorMethodInterceptor.java:97) ~[spring-data-commons-2.7.14.jar:2.7.14]
	at org.springframework.data.repository.core.support.QueryExecutorMethodInterceptor.lambda$new$0(QueryExecutorMethodInterceptor.java:87) ~[spring-data-commons-2.7.14.jar:2.7.14]
	at java.util.Optional.map(Optional.java:215) ~[na:1.8.0_331]
	at org.springframework.data.repository.core.support.QueryExecutorMethodInterceptor.<init>(QueryExecutorMethodInterceptor.java:87) ~[spring-data-commons-2.7.14.jar:2.7.14]
	at org.springframework.data.repository.core.support.RepositoryFactorySupport.getRepository(RepositoryFactorySupport.java:365) ~[spring-data-commons-2.7.14.jar:2.7.14]
	at org.springframework.data.repository.core.support.RepositoryFactoryBeanSupport.lambda$afterPropertiesSet$5(RepositoryFactoryBeanSupport.java:323) ~[spring-data-commons-2.7.14.jar:2.7.14]
	at org.springframework.data.util.Lazy.getNullable(Lazy.java:231) ~[spring-data-commons-2.7.14.jar:2.7.14]
	at org.springframework.data.util.Lazy.get(Lazy.java:115) ~[spring-data-commons-2.7.14.jar:2.7.14]
	at org.springframework.data.repository.core.support.RepositoryFactoryBeanSupport.afterPropertiesSet(RepositoryFactoryBeanSupport.java:329) ~[spring-data-commons-2.7.14.jar:2.7.14]
	at org.springframework.data.jpa.repository.support.JpaRepositoryFactoryBean.afterPropertiesSet(JpaRepositoryFactoryBean.java:144) ~[spring-data-jpa-2.7.14.jar:2.7.14]
	at org.springframework.beans.factory.support.AbstractAutowireCapableBeanFactory.invokeInitMethods(AbstractAutowireCapableBeanFactory.java:1863) ~[spring-beans-5.3.29.jar:5.3.29]
	at org.springframework.beans.factory.support.AbstractAutowireCapableBeanFactory.initializeBean(AbstractAutowireCapableBeanFactory.java:1800) ~[spring-beans-5.3.29.jar:5.3.29]
	... 67 common frames omitted
Caused by: java.lang.IllegalArgumentException: Failed to create query for method public abstract com.dagoras.edu.api.entity.User com.dagoras.edu.api.repository.UserRepository.findByUserName(java.lang.String)! No property 'userName' found for type 'User'; Did you mean 'username'
	at org.springframework.data.jpa.repository.query.PartTreeJpaQuery.<init>(PartTreeJpaQuery.java:96) ~[spring-data-jpa-2.7.14.jar:2.7.14]
	at org.springframework.data.jpa.repository.query.JpaQueryLookupStrategy$CreateQueryLookupStrategy.resolveQuery(JpaQueryLookupStrategy.java:119) ~[spring-data-jpa-2.7.14.jar:2.7.14]
	at org.springframework.data.jpa.repository.query.JpaQueryLookupStrategy$CreateIfNotFoundQueryLookupStrategy.resolveQuery(JpaQueryLookupStrategy.java:259) ~[spring-data-jpa-2.7.14.jar:2.7.14]
	at org.springframework.data.jpa.repository.query.JpaQueryLookupStrategy$AbstractQueryLookupStrategy.resolveQuery(JpaQueryLookupStrategy.java:93) ~[spring-data-jpa-2.7.14.jar:2.7.14]
	at org.springframework.data.repository.core.support.QueryExecutorMethodInterceptor.lookupQuery(QueryExecutorMethodInterceptor.java:103) ~[spring-data-commons-2.7.14.jar:2.7.14]
	... 89 common frames omitted
Caused by: org.springframework.data.mapping.PropertyReferenceException: No property 'userName' found for type 'User'; Did you mean 'username'
	at org.springframework.data.mapping.PropertyPath.<init>(PropertyPath.java:91) ~[spring-data-commons-2.7.14.jar:2.7.14]
	at org.springframework.data.mapping.PropertyPath.create(PropertyPath.java:438) ~[spring-data-commons-2.7.14.jar:2.7.14]
	at org.springframework.data.mapping.PropertyPath.create(PropertyPath.java:414) ~[spring-data-commons-2.7.14.jar:2.7.14]
	at org.springframework.data.mapping.PropertyPath.lambda$from$0(PropertyPath.java:367) ~[spring-data-commons-2.7.14.jar:2.7.14]
	at java.util.concurrent.ConcurrentMap.computeIfAbsent(ConcurrentMap.java:324) ~[na:1.8.0_331]
	at org.springframework.data.mapping.PropertyPath.from(PropertyPath.java:349) ~[spring-data-commons-2.7.14.jar:2.7.14]
	at org.springframework.data.mapping.PropertyPath.from(PropertyPath.java:332) ~[spring-data-commons-2.7.14.jar:2.7.14]
	at org.springframework.data.repository.query.parser.Part.<init>(Part.java:81) ~[spring-data-commons-2.7.14.jar:2.7.14]
	at org.springframework.data.repository.query.parser.PartTree$OrPart.lambda$new$0(PartTree.java:250) ~[spring-data-commons-2.7.14.jar:2.7.14]
	at java.util.stream.ReferencePipeline$3$1.accept(ReferencePipeline.java:193) ~[na:1.8.0_331]
	at java.util.stream.ReferencePipeline$2$1.accept(ReferencePipeline.java:175) ~[na:1.8.0_331]
	at java.util.Spliterators$ArraySpliterator.forEachRemaining(Spliterators.java:948) ~[na:1.8.0_331]
	at java.util.stream.AbstractPipeline.copyInto(AbstractPipeline.java:482) ~[na:1.8.0_331]
	at java.util.stream.AbstractPipeline.wrapAndCopyInto(AbstractPipeline.java:472) ~[na:1.8.0_331]
	at java.util.stream.ReduceOps$ReduceOp.evaluateSequential(ReduceOps.java:708) ~[na:1.8.0_331]
	at java.util.stream.AbstractPipeline.evaluate(AbstractPipeline.java:234) ~[na:1.8.0_331]
	at java.util.stream.ReferencePipeline.collect(ReferencePipeline.java:499) ~[na:1.8.0_331]
	at org.springframework.data.repository.query.parser.PartTree$OrPart.<init>(PartTree.java:251) ~[spring-data-commons-2.7.14.jar:2.7.14]
	at org.springframework.data.repository.query.parser.PartTree$Predicate.lambda$new$0(PartTree.java:384) ~[spring-data-commons-2.7.14.jar:2.7.14]
	at java.util.stream.ReferencePipeline$3$1.accept(ReferencePipeline.java:193) ~[na:1.8.0_331]
	at java.util.stream.ReferencePipeline$2$1.accept(ReferencePipeline.java:175) ~[na:1.8.0_331]
	at java.util.Spliterators$ArraySpliterator.forEachRemaining(Spliterators.java:948) ~[na:1.8.0_331]
	at java.util.stream.AbstractPipeline.copyInto(AbstractPipeline.java:482) ~[na:1.8.0_331]
	at java.util.stream.AbstractPipeline.wrapAndCopyInto(AbstractPipeline.java:472) ~[na:1.8.0_331]
	at java.util.stream.ReduceOps$ReduceOp.evaluateSequential(ReduceOps.java:708) ~[na:1.8.0_331]
	at java.util.stream.AbstractPipeline.evaluate(AbstractPipeline.java:234) ~[na:1.8.0_331]
	at java.util.stream.ReferencePipeline.collect(ReferencePipeline.java:499) ~[na:1.8.0_331]
	at org.springframework.data.repository.query.parser.PartTree$Predicate.<init>(PartTree.java:385) ~[spring-data-commons-2.7.14.jar:2.7.14]
	at org.springframework.data.repository.query.parser.PartTree.<init>(PartTree.java:96) ~[spring-data-commons-2.7.14.jar:2.7.14]
	at org.springframework.data.jpa.repository.query.PartTreeJpaQuery.<init>(PartTreeJpaQuery.java:89) ~[spring-data-jpa-2.7.14.jar:2.7.14]
	... 93 common frames omitted

2023-08-11 00:02:49.578  INFO 11868 --- [main] com.dagoras.edu.api.ApiApplication       : Starting ApiApplication using Java 1.8.0_331 on DESKTOP-G28L4LR with PID 11868 (H:\all-back-end\dagoras\tong-hop-kien-thuc\api\target\classes started by longs in H:\all-back-end\dagoras\tong-hop-kien-thuc)
2023-08-11 00:02:49.582  INFO 11868 --- [main] com.dagoras.edu.api.ApiApplication       : The following 1 profile is active: "local"
2023-08-11 00:02:50.320  INFO 11868 --- [main] .s.d.r.c.RepositoryConfigurationDelegate : Bootstrapping Spring Data JPA repositories in DEFAULT mode.
2023-08-11 00:02:50.385  INFO 11868 --- [main] .s.d.r.c.RepositoryConfigurationDelegate : Finished Spring Data repository scanning in 57 ms. Found 2 JPA repository interfaces.
2023-08-11 00:02:50.858  INFO 11868 --- [main] o.s.b.w.embedded.tomcat.TomcatWebServer  : Tomcat initialized with port(s): 6789 (http)
2023-08-11 00:02:50.865  INFO 11868 --- [main] o.apache.catalina.core.StandardService   : Starting service [Tomcat]
2023-08-11 00:02:50.865  INFO 11868 --- [main] org.apache.catalina.core.StandardEngine  : Starting Servlet engine: [Apache Tomcat/9.0.78]
2023-08-11 00:02:50.990  INFO 11868 --- [main] o.a.c.c.C.[Tomcat].[localhost].[/]       : Initializing Spring embedded WebApplicationContext
2023-08-11 00:02:50.990  INFO 11868 --- [main] w.s.c.ServletWebServerApplicationContext : Root WebApplicationContext: initialization completed in 1364 ms
2023-08-11 00:02:51.152  INFO 11868 --- [main] o.hibernate.jpa.internal.util.LogHelper  : HHH000204: Processing PersistenceUnitInfo [name: default]
2023-08-11 00:02:51.194  INFO 11868 --- [main] org.hibernate.Version                    : HHH000412: Hibernate ORM core version 5.6.15.Final
2023-08-11 00:02:51.313  INFO 11868 --- [main] o.hibernate.annotations.common.Version   : HCANN000001: Hibernate Commons Annotations {5.1.2.Final}
2023-08-11 00:02:51.413  INFO 11868 --- [main] com.zaxxer.hikari.HikariDataSource       : HikariPool-1 - Starting...
2023-08-11 00:02:51.516  INFO 11868 --- [main] com.zaxxer.hikari.HikariDataSource       : HikariPool-1 - Start completed.
2023-08-11 00:02:51.527  INFO 11868 --- [main] org.hibernate.dialect.Dialect            : HHH000400: Using dialect: org.hibernate.dialect.MySQL5InnoDBDialect
2023-08-11 00:02:52.094  INFO 11868 --- [main] o.h.e.t.j.p.i.JtaPlatformInitiator       : HHH000490: Using JtaPlatform implementation: [org.hibernate.engine.transaction.jta.platform.internal.NoJtaPlatform]
2023-08-11 00:02:52.106  INFO 11868 --- [main] j.LocalContainerEntityManagerFactoryBean : Initialized JPA EntityManagerFactory for persistence unit 'default'
2023-08-11 00:02:52.420  WARN 11868 --- [main] JpaBaseConfiguration$JpaWebConfiguration : spring.jpa.open-in-view is enabled by default. Therefore, database queries may be performed during view rendering. Explicitly configure spring.jpa.open-in-view to disable this warning
2023-08-11 00:02:52.587  INFO 11868 --- [main] o.s.s.web.DefaultSecurityFilterChain     : Will secure any request with [org.springframework.security.web.session.DisableEncodeUrlFilter@31de27c, org.springframework.security.web.context.request.async.WebAsyncManagerIntegrationFilter@7ebfe01a, org.springframework.security.web.context.SecurityContextPersistenceFilter@4fbc516f, org.springframework.security.web.header.HeaderWriterFilter@1fd0ae78, org.springframework.security.web.authentication.logout.LogoutFilter@3a6b94b6, com.dagoras.edu.api.jwt.JwtAuthenticationFilter@5ffd35dd, org.springframework.security.web.savedrequest.RequestCacheAwareFilter@25765a49, org.springframework.security.web.servletapi.SecurityContextHolderAwareRequestFilter@6fd97fd1, org.springframework.security.web.authentication.AnonymousAuthenticationFilter@154b0748, org.springframework.security.web.session.SessionManagementFilter@7097d921, org.springframework.security.web.access.ExceptionTranslationFilter@21c5c68a, org.springframework.security.web.access.intercept.FilterSecurityInterceptor@5f911d24]
2023-08-11 00:02:52.885  INFO 11868 --- [main] o.s.b.w.embedded.tomcat.TomcatWebServer  : Tomcat started on port(s): 6789 (http) with context path ''
2023-08-11 00:02:52.896  INFO 11868 --- [main] com.dagoras.edu.api.ApiApplication       : Started ApiApplication in 3.761 seconds (JVM running for 4.362)
2023-08-11 00:03:02.454  INFO 11868 --- [http-nio-6789-exec-2] o.a.c.c.C.[Tomcat].[localhost].[/]       : Initializing Spring DispatcherServlet 'dispatcherServlet'
2023-08-11 00:03:02.454  INFO 11868 --- [http-nio-6789-exec-2] o.s.web.servlet.DispatcherServlet        : Initializing Servlet 'dispatcherServlet'
2023-08-11 00:03:02.455  INFO 11868 --- [http-nio-6789-exec-2] o.s.web.servlet.DispatcherServlet        : Completed initialization in 1 ms
2023-08-11 00:04:08.270  WARN 11868 --- [HikariPool-1 housekeeper] com.zaxxer.hikari.pool.HikariPool        : HikariPool-1 - Thread starvation or clock leap detected (housekeeper delta=46s634ms669µs900ns).
2023-08-11 00:04:29.625  INFO 11868 --- [SpringApplicationShutdownHook] j.LocalContainerEntityManagerFactoryBean : Closing JPA EntityManagerFactory for persistence unit 'default'
2023-08-11 00:04:29.626  INFO 11868 --- [SpringApplicationShutdownHook] com.zaxxer.hikari.HikariDataSource       : HikariPool-1 - Shutdown initiated...
2023-08-11 00:04:29.630  INFO 11868 --- [SpringApplicationShutdownHook] com.zaxxer.hikari.HikariDataSource       : HikariPool-1 - Shutdown completed.
2023-08-11 00:04:36.053  INFO 14164 --- [main] com.dagoras.edu.api.ApiApplication       : Starting ApiApplication using Java 1.8.0_331 on DESKTOP-G28L4LR with PID 14164 (H:\all-back-end\dagoras\tong-hop-kien-thuc\api\target\classes started by longs in H:\all-back-end\dagoras\tong-hop-kien-thuc)
2023-08-11 00:04:36.056  INFO 14164 --- [main] com.dagoras.edu.api.ApiApplication       : The following 1 profile is active: "local"
2023-08-11 00:04:36.806  INFO 14164 --- [main] .s.d.r.c.RepositoryConfigurationDelegate : Bootstrapping Spring Data JPA repositories in DEFAULT mode.
2023-08-11 00:04:36.870  INFO 14164 --- [main] .s.d.r.c.RepositoryConfigurationDelegate : Finished Spring Data repository scanning in 53 ms. Found 2 JPA repository interfaces.
2023-08-11 00:04:37.370  INFO 14164 --- [main] o.s.b.w.embedded.tomcat.TomcatWebServer  : Tomcat initialized with port(s): 6789 (http)
2023-08-11 00:04:37.377  INFO 14164 --- [main] o.apache.catalina.core.StandardService   : Starting service [Tomcat]
2023-08-11 00:04:37.377  INFO 14164 --- [main] org.apache.catalina.core.StandardEngine  : Starting Servlet engine: [Apache Tomcat/9.0.78]
2023-08-11 00:04:37.490  INFO 14164 --- [main] o.a.c.c.C.[Tomcat].[localhost].[/]       : Initializing Spring embedded WebApplicationContext
2023-08-11 00:04:37.491  INFO 14164 --- [main] w.s.c.ServletWebServerApplicationContext : Root WebApplicationContext: initialization completed in 1389 ms
2023-08-11 00:04:37.663  INFO 14164 --- [main] o.hibernate.jpa.internal.util.LogHelper  : HHH000204: Processing PersistenceUnitInfo [name: default]
2023-08-11 00:04:37.704  INFO 14164 --- [main] org.hibernate.Version                    : HHH000412: Hibernate ORM core version 5.6.15.Final
2023-08-11 00:04:37.826  INFO 14164 --- [main] o.hibernate.annotations.common.Version   : HCANN000001: Hibernate Commons Annotations {5.1.2.Final}
2023-08-11 00:04:37.922  INFO 14164 --- [main] com.zaxxer.hikari.HikariDataSource       : HikariPool-1 - Starting...
2023-08-11 00:04:38.033  INFO 14164 --- [main] com.zaxxer.hikari.HikariDataSource       : HikariPool-1 - Start completed.
2023-08-11 00:04:38.044  INFO 14164 --- [main] org.hibernate.dialect.Dialect            : HHH000400: Using dialect: org.hibernate.dialect.MySQL5InnoDBDialect
2023-08-11 00:04:38.668  INFO 14164 --- [main] o.h.e.t.j.p.i.JtaPlatformInitiator       : HHH000490: Using JtaPlatform implementation: [org.hibernate.engine.transaction.jta.platform.internal.NoJtaPlatform]
2023-08-11 00:04:38.700  INFO 14164 --- [main] j.LocalContainerEntityManagerFactoryBean : Initialized JPA EntityManagerFactory for persistence unit 'default'
2023-08-11 00:04:39.054  WARN 14164 --- [main] JpaBaseConfiguration$JpaWebConfiguration : spring.jpa.open-in-view is enabled by default. Therefore, database queries may be performed during view rendering. Explicitly configure spring.jpa.open-in-view to disable this warning
2023-08-11 00:04:39.222  INFO 14164 --- [main] o.s.s.web.DefaultSecurityFilterChain     : Will secure any request with [org.springframework.security.web.session.DisableEncodeUrlFilter@de63949, org.springframework.security.web.context.request.async.WebAsyncManagerIntegrationFilter@5c5c784c, org.springframework.security.web.context.SecurityContextPersistenceFilter@71fb1da3, org.springframework.security.web.header.HeaderWriterFilter@37083af6, org.springframework.security.web.authentication.logout.LogoutFilter@18f13756, com.dagoras.edu.api.jwt.JwtAuthenticationFilter@69372c1e, org.springframework.security.web.savedrequest.RequestCacheAwareFilter@6cc44207, org.springframework.security.web.servletapi.SecurityContextHolderAwareRequestFilter@17e2835c, org.springframework.security.web.authentication.AnonymousAuthenticationFilter@6a299b9d, org.springframework.security.web.session.SessionManagementFilter@5cd6719d, org.springframework.security.web.access.ExceptionTranslationFilter@3831f4c2, org.springframework.security.web.access.intercept.FilterSecurityInterceptor@6e6c8854]
2023-08-11 00:04:39.540  INFO 14164 --- [main] o.s.b.w.embedded.tomcat.TomcatWebServer  : Tomcat started on port(s): 6789 (http) with context path ''
2023-08-11 00:04:39.549  INFO 14164 --- [main] com.dagoras.edu.api.ApiApplication       : Started ApiApplication in 3.918 seconds (JVM running for 4.509)
2023-08-11 00:11:04.956  INFO 14164 --- [SpringApplicationShutdownHook] j.LocalContainerEntityManagerFactoryBean : Closing JPA EntityManagerFactory for persistence unit 'default'
2023-08-11 00:11:04.958  INFO 14164 --- [SpringApplicationShutdownHook] com.zaxxer.hikari.HikariDataSource       : HikariPool-1 - Shutdown initiated...
2023-08-11 00:11:04.963  INFO 14164 --- [SpringApplicationShutdownHook] com.zaxxer.hikari.HikariDataSource       : HikariPool-1 - Shutdown completed.
2023-08-11 00:11:12.071  INFO 4472 --- [main] com.dagoras.edu.api.ApiApplication       : Starting ApiApplication using Java 1.8.0_331 on DESKTOP-G28L4LR with PID 4472 (H:\all-back-end\dagoras\tong-hop-kien-thuc\api\target\classes started by longs in H:\all-back-end\dagoras\tong-hop-kien-thuc)
2023-08-11 00:11:12.074  INFO 4472 --- [main] com.dagoras.edu.api.ApiApplication       : The following 1 profile is active: "local"
2023-08-11 00:11:12.733  INFO 4472 --- [main] .s.d.r.c.RepositoryConfigurationDelegate : Bootstrapping Spring Data JPA repositories in DEFAULT mode.
2023-08-11 00:11:12.806  INFO 4472 --- [main] .s.d.r.c.RepositoryConfigurationDelegate : Finished Spring Data repository scanning in 64 ms. Found 2 JPA repository interfaces.
2023-08-11 00:11:13.265  INFO 4472 --- [main] o.s.b.w.embedded.tomcat.TomcatWebServer  : Tomcat initialized with port(s): 6789 (http)
2023-08-11 00:11:13.271  INFO 4472 --- [main] o.apache.catalina.core.StandardService   : Starting service [Tomcat]
2023-08-11 00:11:13.272  INFO 4472 --- [main] org.apache.catalina.core.StandardEngine  : Starting Servlet engine: [Apache Tomcat/9.0.78]
2023-08-11 00:11:13.387  INFO 4472 --- [main] o.a.c.c.C.[Tomcat].[localhost].[/]       : Initializing Spring embedded WebApplicationContext
2023-08-11 00:11:13.387  INFO 4472 --- [main] w.s.c.ServletWebServerApplicationContext : Root WebApplicationContext: initialization completed in 1271 ms
2023-08-11 00:11:13.549  INFO 4472 --- [main] o.hibernate.jpa.internal.util.LogHelper  : HHH000204: Processing PersistenceUnitInfo [name: default]
2023-08-11 00:11:13.589  INFO 4472 --- [main] org.hibernate.Version                    : HHH000412: Hibernate ORM core version 5.6.15.Final
2023-08-11 00:11:13.733  INFO 4472 --- [main] o.hibernate.annotations.common.Version   : HCANN000001: Hibernate Commons Annotations {5.1.2.Final}
2023-08-11 00:11:13.824  INFO 4472 --- [main] com.zaxxer.hikari.HikariDataSource       : HikariPool-1 - Starting...
2023-08-11 00:11:13.929  INFO 4472 --- [main] com.zaxxer.hikari.HikariDataSource       : HikariPool-1 - Start completed.
2023-08-11 00:11:13.942  INFO 4472 --- [main] org.hibernate.dialect.Dialect            : HHH000400: Using dialect: org.hibernate.dialect.MySQL5InnoDBDialect
2023-08-11 00:11:14.527  INFO 4472 --- [main] o.h.e.t.j.p.i.JtaPlatformInitiator       : HHH000490: Using JtaPlatform implementation: [org.hibernate.engine.transaction.jta.platform.internal.NoJtaPlatform]
2023-08-11 00:11:14.540  INFO 4472 --- [main] j.LocalContainerEntityManagerFactoryBean : Initialized JPA EntityManagerFactory for persistence unit 'default'
2023-08-11 00:11:14.869  WARN 4472 --- [main] JpaBaseConfiguration$JpaWebConfiguration : spring.jpa.open-in-view is enabled by default. Therefore, database queries may be performed during view rendering. Explicitly configure spring.jpa.open-in-view to disable this warning
2023-08-11 00:11:15.043  INFO 4472 --- [main] o.s.s.web.DefaultSecurityFilterChain     : Will secure any request with [org.springframework.security.web.session.DisableEncodeUrlFilter@73e93c3a, org.springframework.security.web.context.request.async.WebAsyncManagerIntegrationFilter@1835b783, org.springframework.security.web.context.SecurityContextPersistenceFilter@1a88d194, org.springframework.security.web.header.HeaderWriterFilter@6247c08c, org.springframework.security.web.authentication.logout.LogoutFilter@40c0437f, com.dagoras.edu.api.jwt.JwtAuthenticationFilter@55fe9c2f, org.springframework.security.web.savedrequest.RequestCacheAwareFilter@fe13916, org.springframework.security.web.servletapi.SecurityContextHolderAwareRequestFilter@3387ab0, org.springframework.security.web.authentication.AnonymousAuthenticationFilter@456b140f, org.springframework.security.web.session.SessionManagementFilter@53c40ed6, org.springframework.security.web.access.ExceptionTranslationFilter@180f33b2, org.springframework.security.web.access.intercept.FilterSecurityInterceptor@54e06788]
2023-08-11 00:11:15.351  INFO 4472 --- [main] o.s.b.w.embedded.tomcat.TomcatWebServer  : Tomcat started on port(s): 6789 (http) with context path ''
2023-08-11 00:11:15.358  INFO 4472 --- [main] com.dagoras.edu.api.ApiApplication       : Started ApiApplication in 3.685 seconds (JVM running for 4.277)
2023-08-11 00:11:18.384  INFO 4472 --- [http-nio-6789-exec-2] o.a.c.c.C.[Tomcat].[localhost].[/]       : Initializing Spring DispatcherServlet 'dispatcherServlet'
2023-08-11 00:11:18.385  INFO 4472 --- [http-nio-6789-exec-2] o.s.web.servlet.DispatcherServlet        : Initializing Servlet 'dispatcherServlet'
2023-08-11 00:11:18.386  INFO 4472 --- [http-nio-6789-exec-2] o.s.web.servlet.DispatcherServlet        : Completed initialization in 1 ms
2023-08-11 00:12:08.276  WARN 4472 --- [HikariPool-1 housekeeper] com.zaxxer.hikari.pool.HikariPool        : HikariPool-1 - Thread starvation or clock leap detected (housekeeper delta=54s231ms536µs600ns).
2023-08-11 00:16:10.379  INFO 4472 --- [SpringApplicationShutdownHook] j.LocalContainerEntityManagerFactoryBean : Closing JPA EntityManagerFactory for persistence unit 'default'
2023-08-11 00:16:10.381  INFO 4472 --- [SpringApplicationShutdownHook] com.zaxxer.hikari.HikariDataSource       : HikariPool-1 - Shutdown initiated...
2023-08-11 00:16:10.384  INFO 4472 --- [SpringApplicationShutdownHook] com.zaxxer.hikari.HikariDataSource       : HikariPool-1 - Shutdown completed.
2023-08-11 00:16:15.240  INFO 9832 --- [main] com.dagoras.edu.api.ApiApplication       : Starting ApiApplication using Java 1.8.0_331 on DESKTOP-G28L4LR with PID 9832 (H:\all-back-end\dagoras\tong-hop-kien-thuc\api\target\classes started by longs in H:\all-back-end\dagoras\tong-hop-kien-thuc)
2023-08-11 00:16:15.242  INFO 9832 --- [main] com.dagoras.edu.api.ApiApplication       : The following 1 profile is active: "local"
2023-08-11 00:16:15.919  INFO 9832 --- [main] .s.d.r.c.RepositoryConfigurationDelegate : Bootstrapping Spring Data JPA repositories in DEFAULT mode.
2023-08-11 00:16:15.975  INFO 9832 --- [main] .s.d.r.c.RepositoryConfigurationDelegate : Finished Spring Data repository scanning in 47 ms. Found 2 JPA repository interfaces.
2023-08-11 00:16:16.424  INFO 9832 --- [main] o.s.b.w.embedded.tomcat.TomcatWebServer  : Tomcat initialized with port(s): 6789 (http)
2023-08-11 00:16:16.430  INFO 9832 --- [main] o.apache.catalina.core.StandardService   : Starting service [Tomcat]
2023-08-11 00:16:16.430  INFO 9832 --- [main] org.apache.catalina.core.StandardEngine  : Starting Servlet engine: [Apache Tomcat/9.0.78]
2023-08-11 00:16:16.543  INFO 9832 --- [main] o.a.c.c.C.[Tomcat].[localhost].[/]       : Initializing Spring embedded WebApplicationContext
2023-08-11 00:16:16.543  INFO 9832 --- [main] w.s.c.ServletWebServerApplicationContext : Root WebApplicationContext: initialization completed in 1258 ms
2023-08-11 00:16:16.705  INFO 9832 --- [main] o.hibernate.jpa.internal.util.LogHelper  : HHH000204: Processing PersistenceUnitInfo [name: default]
2023-08-11 00:16:16.746  INFO 9832 --- [main] org.hibernate.Version                    : HHH000412: Hibernate ORM core version 5.6.15.Final
2023-08-11 00:16:16.878  INFO 9832 --- [main] o.hibernate.annotations.common.Version   : HCANN000001: Hibernate Commons Annotations {5.1.2.Final}
2023-08-11 00:16:16.982  INFO 9832 --- [main] com.zaxxer.hikari.HikariDataSource       : HikariPool-1 - Starting...
2023-08-11 00:16:17.084  INFO 9832 --- [main] com.zaxxer.hikari.HikariDataSource       : HikariPool-1 - Start completed.
2023-08-11 00:16:17.095  INFO 9832 --- [main] org.hibernate.dialect.Dialect            : HHH000400: Using dialect: org.hibernate.dialect.MySQL5InnoDBDialect
2023-08-11 00:16:17.652  INFO 9832 --- [main] o.h.e.t.j.p.i.JtaPlatformInitiator       : HHH000490: Using JtaPlatform implementation: [org.hibernate.engine.transaction.jta.platform.internal.NoJtaPlatform]
2023-08-11 00:16:17.682  INFO 9832 --- [main] j.LocalContainerEntityManagerFactoryBean : Initialized JPA EntityManagerFactory for persistence unit 'default'
2023-08-11 00:16:17.997  WARN 9832 --- [main] JpaBaseConfiguration$JpaWebConfiguration : spring.jpa.open-in-view is enabled by default. Therefore, database queries may be performed during view rendering. Explicitly configure spring.jpa.open-in-view to disable this warning
2023-08-11 00:16:18.160  INFO 9832 --- [main] o.s.s.web.DefaultSecurityFilterChain     : Will secure any request with [org.springframework.security.web.session.DisableEncodeUrlFilter@59d0fac9, org.springframework.security.web.context.request.async.WebAsyncManagerIntegrationFilter@1d3546f9, org.springframework.security.web.context.SecurityContextPersistenceFilter@60ef30b1, org.springframework.security.web.header.HeaderWriterFilter@20a4cba7, org.springframework.security.web.authentication.logout.LogoutFilter@575c23f1, com.dagoras.edu.api.jwt.JwtAuthenticationFilter@4acc27fd, org.springframework.security.web.savedrequest.RequestCacheAwareFilter@3f40568e, org.springframework.security.web.servletapi.SecurityContextHolderAwareRequestFilter@4fef4f96, org.springframework.security.web.authentication.AnonymousAuthenticationFilter@50ecef36, org.springframework.security.web.session.SessionManagementFilter@19d9ba89, org.springframework.security.web.access.ExceptionTranslationFilter@383e6734, org.springframework.security.web.access.intercept.FilterSecurityInterceptor@75da2db]
2023-08-11 00:16:18.469  INFO 9832 --- [main] o.s.b.w.embedded.tomcat.TomcatWebServer  : Tomcat started on port(s): 6789 (http) with context path ''
2023-08-11 00:16:18.477  INFO 9832 --- [main] com.dagoras.edu.api.ApiApplication       : Started ApiApplication in 3.63 seconds (JVM running for 4.23)
2023-08-11 00:16:50.181  INFO 9832 --- [http-nio-6789-exec-2] o.a.c.c.C.[Tomcat].[localhost].[/]       : Initializing Spring DispatcherServlet 'dispatcherServlet'
2023-08-11 00:16:50.181  INFO 9832 --- [http-nio-6789-exec-2] o.s.web.servlet.DispatcherServlet        : Initializing Servlet 'dispatcherServlet'
2023-08-11 00:16:50.183  INFO 9832 --- [http-nio-6789-exec-2] o.s.web.servlet.DispatcherServlet        : Completed initialization in 1 ms
2023-08-11 00:17:48.779  WARN 9832 --- [HikariPool-1 housekeeper] com.zaxxer.hikari.pool.HikariPool        : HikariPool-1 - Thread starvation or clock leap detected (housekeeper delta=1m1s575ms651µs900ns).
2023-08-11 00:20:38.452  INFO 9832 --- [SpringApplicationShutdownHook] j.LocalContainerEntityManagerFactoryBean : Closing JPA EntityManagerFactory for persistence unit 'default'
2023-08-11 00:20:38.453  INFO 9832 --- [SpringApplicationShutdownHook] com.zaxxer.hikari.HikariDataSource       : HikariPool-1 - Shutdown initiated...
2023-08-11 00:20:38.457  INFO 9832 --- [SpringApplicationShutdownHook] com.zaxxer.hikari.HikariDataSource       : HikariPool-1 - Shutdown completed.
2023-08-11 00:20:43.480  INFO 10776 --- [main] com.dagoras.edu.api.ApiApplication       : Starting ApiApplication using Java 1.8.0_331 on DESKTOP-G28L4LR with PID 10776 (H:\all-back-end\dagoras\tong-hop-kien-thuc\api\target\classes started by longs in H:\all-back-end\dagoras\tong-hop-kien-thuc)
2023-08-11 00:20:43.483  INFO 10776 --- [main] com.dagoras.edu.api.ApiApplication       : The following 1 profile is active: "local"
2023-08-11 00:20:44.158  INFO 10776 --- [main] .s.d.r.c.RepositoryConfigurationDelegate : Bootstrapping Spring Data JPA repositories in DEFAULT mode.
2023-08-11 00:20:44.219  INFO 10776 --- [main] .s.d.r.c.RepositoryConfigurationDelegate : Finished Spring Data repository scanning in 50 ms. Found 2 JPA repository interfaces.
2023-08-11 00:20:44.715  INFO 10776 --- [main] o.s.b.w.embedded.tomcat.TomcatWebServer  : Tomcat initialized with port(s): 6789 (http)
2023-08-11 00:20:44.723  INFO 10776 --- [main] o.apache.catalina.core.StandardService   : Starting service [Tomcat]
2023-08-11 00:20:44.723  INFO 10776 --- [main] org.apache.catalina.core.StandardEngine  : Starting Servlet engine: [Apache Tomcat/9.0.78]
2023-08-11 00:20:44.860  INFO 10776 --- [main] o.a.c.c.C.[Tomcat].[localhost].[/]       : Initializing Spring embedded WebApplicationContext
2023-08-11 00:20:44.861  INFO 10776 --- [main] w.s.c.ServletWebServerApplicationContext : Root WebApplicationContext: initialization completed in 1335 ms
2023-08-11 00:20:45.038  INFO 10776 --- [main] o.hibernate.jpa.internal.util.LogHelper  : HHH000204: Processing PersistenceUnitInfo [name: default]
2023-08-11 00:20:45.078  INFO 10776 --- [main] org.hibernate.Version                    : HHH000412: Hibernate ORM core version 5.6.15.Final
2023-08-11 00:20:45.210  INFO 10776 --- [main] o.hibernate.annotations.common.Version   : HCANN000001: Hibernate Commons Annotations {5.1.2.Final}
2023-08-11 00:20:45.323  INFO 10776 --- [main] com.zaxxer.hikari.HikariDataSource       : HikariPool-1 - Starting...
2023-08-11 00:20:45.445  INFO 10776 --- [main] com.zaxxer.hikari.HikariDataSource       : HikariPool-1 - Start completed.
2023-08-11 00:20:45.457  INFO 10776 --- [main] org.hibernate.dialect.Dialect            : HHH000400: Using dialect: org.hibernate.dialect.MySQL5InnoDBDialect
2023-08-11 00:20:46.046  INFO 10776 --- [main] o.h.e.t.j.p.i.JtaPlatformInitiator       : HHH000490: Using JtaPlatform implementation: [org.hibernate.engine.transaction.jta.platform.internal.NoJtaPlatform]
2023-08-11 00:20:46.077  INFO 10776 --- [main] j.LocalContainerEntityManagerFactoryBean : Initialized JPA EntityManagerFactory for persistence unit 'default'
2023-08-11 00:20:46.438  WARN 10776 --- [main] JpaBaseConfiguration$JpaWebConfiguration : spring.jpa.open-in-view is enabled by default. Therefore, database queries may be performed during view rendering. Explicitly configure spring.jpa.open-in-view to disable this warning
2023-08-11 00:20:46.646  INFO 10776 --- [main] o.s.s.web.DefaultSecurityFilterChain     : Will secure any request with [org.springframework.security.web.session.DisableEncodeUrlFilter@2c4eae94, org.springframework.security.web.context.request.async.WebAsyncManagerIntegrationFilter@3f33bb6f, org.springframework.security.web.context.SecurityContextPersistenceFilter@1782896, org.springframework.security.web.header.HeaderWriterFilter@2431050d, org.springframework.security.web.authentication.logout.LogoutFilter@a97a895, com.dagoras.edu.api.jwt.JwtAuthenticationFilter@1b841e7d, org.springframework.security.web.savedrequest.RequestCacheAwareFilter@5065bdac, org.springframework.security.web.servletapi.SecurityContextHolderAwareRequestFilter@5b0835cb, org.springframework.security.web.authentication.AnonymousAuthenticationFilter@446cc036, org.springframework.security.web.session.SessionManagementFilter@38f63756, org.springframework.security.web.access.ExceptionTranslationFilter@37b80ec7, org.springframework.security.web.access.intercept.FilterSecurityInterceptor@32cec678]
2023-08-11 00:20:47.001  INFO 10776 --- [main] o.s.b.w.embedded.tomcat.TomcatWebServer  : Tomcat started on port(s): 6789 (http) with context path ''
2023-08-11 00:20:47.010  INFO 10776 --- [main] com.dagoras.edu.api.ApiApplication       : Started ApiApplication in 3.934 seconds (JVM running for 4.557)
2023-08-11 00:22:48.185  INFO 10776 --- [http-nio-6789-exec-1] o.a.c.c.C.[Tomcat].[localhost].[/]       : Initializing Spring DispatcherServlet 'dispatcherServlet'
2023-08-11 00:22:48.185  INFO 10776 --- [http-nio-6789-exec-1] o.s.web.servlet.DispatcherServlet        : Initializing Servlet 'dispatcherServlet'
2023-08-11 00:22:48.186  INFO 10776 --- [http-nio-6789-exec-1] o.s.web.servlet.DispatcherServlet        : Completed initialization in 1 ms
2023-08-11 00:26:11.644  INFO 10776 --- [SpringApplicationShutdownHook] j.LocalContainerEntityManagerFactoryBean : Closing JPA EntityManagerFactory for persistence unit 'default'
2023-08-11 00:26:11.646  INFO 10776 --- [SpringApplicationShutdownHook] com.zaxxer.hikari.HikariDataSource       : HikariPool-1 - Shutdown initiated...
2023-08-11 00:26:11.650  INFO 10776 --- [SpringApplicationShutdownHook] com.zaxxer.hikari.HikariDataSource       : HikariPool-1 - Shutdown completed.
